<?xml version="1.0" encoding="UTF-8" ?>
<testsuite failures="0" time="5.154" errors="0" skipped="0" tests="1" name="net.iconhub.model.JpaTest">
  <properties>
    <property name="java.runtime.name" value="Java(TM) SE Runtime Environment"/>
    <property name="sun.boot.library.path" value="/Library/Java/JavaVirtualMachines/1.7.0.jdk/Contents/Home/jre/lib"/>
    <property name="java.vm.version" value="23.1-b03"/>
    <property name="user.country.format" value="CH"/>
    <property name="gopherProxySet" value="false"/>
    <property name="java.vm.vendor" value="Oracle Corporation"/>
    <property name="java.vendor.url" value="http://java.oracle.com/"/>
    <property name="path.separator" value=":"/>
    <property name="java.vm.name" value="Java HotSpot(TM) 64-Bit Server VM"/>
    <property name="file.encoding.pkg" value="sun.io"/>
    <property name="user.country" value="DE"/>
    <property name="sun.java.launcher" value="SUN_STANDARD"/>
    <property name="sun.os.patch.level" value="unknown"/>
    <property name="java.vm.specification.name" value="Java Virtual Machine Specification"/>
    <property name="user.dir" value="/Volumes/Data/src/iconhub/iconhub/persistence"/>
    <property name="java.runtime.version" value="1.7.0_05-b05"/>
    <property name="java.awt.graphicsenv" value="sun.awt.CGraphicsEnvironment"/>
    <property name="basedir" value="/Volumes/Data/src/iconhub/iconhub/persistence"/>
    <property name="java.endorsed.dirs" value="/Library/Java/JavaVirtualMachines/1.7.0.jdk/Contents/Home/jre/lib/endorsed"/>
    <property name="os.arch" value="x86_64"/>
    <property name="surefire.real.class.path" value="/Volumes/Data/src/iconhub/iconhub/persistence/target/surefire/surefirebooter5807310622230527023.jar"/>
    <property name="java.io.tmpdir" value="/var/folders/pv/vss5l62526g1f11swr_lbpl00000gn/T/"/>
    <property name="line.separator" value="
"/>
    <property name="java.vm.specification.vendor" value="Oracle Corporation"/>
    <property name="os.name" value="Mac OS X"/>
    <property name="sun.jnu.encoding" value="UTF-8"/>
    <property name="java.library.path" value="/Users/nobby/Library/Java/Extensions:/Library/Java/Extensions:/Network/Library/Java/Extensions:/System/Library/Java/Extensions:/usr/lib/java:."/>
    <property name="surefire.test.class.path" value="/Volumes/Data/src/iconhub/iconhub/persistence/target/test-classes:/Volumes/Data/src/iconhub/iconhub/persistence/target/classes:/Users/nobby/.m2/repository/geronimo-spec/geronimo-spec-ejb/2.1-rc4/geronimo-spec-ejb-2.1-rc4.jar:/Users/nobby/.m2/repository/org/hibernate/hibernate-entitymanager/3.4.0.GA/hibernate-entitymanager-3.4.0.GA.jar:/Users/nobby/.m2/repository/org/hibernate/ejb3-persistence/1.0.2.GA/ejb3-persistence-1.0.2.GA.jar:/Users/nobby/.m2/repository/org/hibernate/hibernate-commons-annotations/3.1.0.GA/hibernate-commons-annotations-3.1.0.GA.jar:/Users/nobby/.m2/repository/org/hibernate/hibernate-annotations/3.4.0.GA/hibernate-annotations-3.4.0.GA.jar:/Users/nobby/.m2/repository/org/hibernate/hibernate-core/3.3.0.SP1/hibernate-core-3.3.0.SP1.jar:/Users/nobby/.m2/repository/antlr/antlr/2.7.6/antlr-2.7.6.jar:/Users/nobby/.m2/repository/commons-collections/commons-collections/3.1/commons-collections-3.1.jar:/Users/nobby/.m2/repository/org/slf4j/slf4j-api/1.4.2/slf4j-api-1.4.2.jar:/Users/nobby/.m2/repository/dom4j/dom4j/1.6.1/dom4j-1.6.1.jar:/Users/nobby/.m2/repository/xml-apis/xml-apis/1.0.b2/xml-apis-1.0.b2.jar:/Users/nobby/.m2/repository/javassist/javassist/3.4.GA/javassist-3.4.GA.jar:/Users/nobby/.m2/repository/geronimo-spec/geronimo-spec-jta/1.0.1B-rc4/geronimo-spec-jta-1.0.1B-rc4.jar:/Users/nobby/.m2/repository/org/slf4j/slf4j-simple/1.4.2/slf4j-simple-1.4.2.jar:/Users/nobby/.m2/repository/postgresql/postgresql/9.1-901.jdbc4/postgresql-9.1-901.jdbc4.jar:/Users/nobby/.m2/repository/org/scala-libs/scalajpa_2.9.1/1.4/scalajpa_2.9.1-1.4.jar:/Users/nobby/.m2/repository/net/liftweb/lift-jpa_2.9.1/2.4/lift-jpa_2.9.1-2.4.jar:/Users/nobby/.m2/repository/net/liftweb/lift-webkit_2.9.1/2.4/lift-webkit_2.9.1-2.4.jar:/Users/nobby/.m2/repository/commons-fileupload/commons-fileupload/1.2.2/commons-fileupload-1.2.2.jar:/Users/nobby/.m2/repository/net/liftweb/lift-util_2.9.1/2.4/lift-util_2.9.1-2.4.jar:/Users/nobby/.m2/repository/commons-codec/commons-codec/1.4/commons-codec-1.4.jar:/Users/nobby/.m2/repository/nu/validator/htmlparser/htmlparser/1.2.1/htmlparser-1.2.1.jar:/Users/nobby/.m2/repository/javax/mail/mail/1.4.4/mail-1.4.4.jar:/Users/nobby/.m2/repository/javax/activation/activation/1.1/activation-1.1.jar:/Users/nobby/.m2/repository/joda-time/joda-time/1.6.2/joda-time-1.6.2.jar:/Users/nobby/.m2/repository/net/liftweb/lift-actor_2.9.1/2.4/lift-actor_2.9.1-2.4.jar:/Users/nobby/.m2/repository/net/liftweb/lift-common_2.9.1/2.4/lift-common_2.9.1-2.4.jar:/Users/nobby/.m2/repository/net/liftweb/lift-json_2.9.1/2.4/lift-json_2.9.1-2.4.jar:/Users/nobby/.m2/repository/com/thoughtworks/paranamer/paranamer/2.3/paranamer-2.3.jar:/Users/nobby/.m2/repository/org/scala-lang/scalap/2.9.1/scalap-2.9.1.jar:/Users/nobby/.m2/repository/net/liftweb/lift-openid_2.9.1/2.4/lift-openid_2.9.1-2.4.jar:/Users/nobby/.m2/repository/net/liftweb/lift-mapper_2.9.1/2.4/lift-mapper_2.9.1-2.4.jar:/Users/nobby/.m2/repository/com/h2database/h2/1.2.147/h2-1.2.147.jar:/Users/nobby/.m2/repository/net/liftweb/lift-db_2.9.1/2.4/lift-db_2.9.1-2.4.jar:/Users/nobby/.m2/repository/org/openid4java/openid4java-consumer/0.9.5/openid4java-consumer-0.9.5.jar:/Users/nobby/.m2/repository/org/openid4java/openid4java-nodeps/0.9.5/openid4java-nodeps-0.9.5.jar:/Users/nobby/.m2/repository/commons-logging/commons-logging/1.1.1/commons-logging-1.1.1.jar:/Users/nobby/.m2/repository/commons-httpclient/commons-httpclient/3.0.1/commons-httpclient-3.0.1.jar:/Users/nobby/.m2/repository/net/sourceforge/nekohtml/nekohtml/1.9.7/nekohtml-1.9.7.jar:/Users/nobby/.m2/repository/xerces/xercesImpl/2.8.1/xercesImpl-2.8.1.jar:/Users/nobby/.m2/repository/net/liftweb/lift-proto_2.9.1/2.4/lift-proto_2.9.1-2.4.jar:/Users/nobby/.m2/repository/org/scala-lang/scala-library/2.9.1/scala-library-2.9.1.jar:/Users/nobby/.m2/repository/org/scala-lang/scala-compiler/2.9.1/scala-compiler-2.9.1.jar:/Users/nobby/.m2/repository/org/apache/derby/derby/10.4.2.0/derby-10.4.2.0.jar:/Users/nobby/.m2/repository/junit/junit/4.10/junit-4.10.jar:/Users/nobby/.m2/repository/org/hamcrest/hamcrest-core/1.1/hamcrest-core-1.1.jar:"/>
    <property name="java.specification.name" value="Java Platform API Specification"/>
    <property name="java.class.version" value="51.0"/>
    <property name="sun.management.compiler" value="HotSpot 64-Bit Tiered Compilers"/>
    <property name="os.version" value="10.7.4"/>
    <property name="http.nonProxyHosts" value="local|*.local|169.254/16|*.169.254/16"/>
    <property name="user.home" value="/Users/nobby"/>
    <property name="user.timezone" value="Europe/Zurich"/>
    <property name="java.awt.printerjob" value="sun.lwawt.macosx.CPrinterJob"/>
    <property name="java.specification.version" value="1.7"/>
    <property name="file.encoding" value="UTF-8"/>
    <property name="user.name" value="nobby"/>
    <property name="java.class.path" value="/Volumes/Data/src/iconhub/iconhub/persistence/target/test-classes:/Volumes/Data/src/iconhub/iconhub/persistence/target/classes:/Users/nobby/.m2/repository/geronimo-spec/geronimo-spec-ejb/2.1-rc4/geronimo-spec-ejb-2.1-rc4.jar:/Users/nobby/.m2/repository/org/hibernate/hibernate-entitymanager/3.4.0.GA/hibernate-entitymanager-3.4.0.GA.jar:/Users/nobby/.m2/repository/org/hibernate/ejb3-persistence/1.0.2.GA/ejb3-persistence-1.0.2.GA.jar:/Users/nobby/.m2/repository/org/hibernate/hibernate-commons-annotations/3.1.0.GA/hibernate-commons-annotations-3.1.0.GA.jar:/Users/nobby/.m2/repository/org/hibernate/hibernate-annotations/3.4.0.GA/hibernate-annotations-3.4.0.GA.jar:/Users/nobby/.m2/repository/org/hibernate/hibernate-core/3.3.0.SP1/hibernate-core-3.3.0.SP1.jar:/Users/nobby/.m2/repository/antlr/antlr/2.7.6/antlr-2.7.6.jar:/Users/nobby/.m2/repository/commons-collections/commons-collections/3.1/commons-collections-3.1.jar:/Users/nobby/.m2/repository/org/slf4j/slf4j-api/1.4.2/slf4j-api-1.4.2.jar:/Users/nobby/.m2/repository/dom4j/dom4j/1.6.1/dom4j-1.6.1.jar:/Users/nobby/.m2/repository/xml-apis/xml-apis/1.0.b2/xml-apis-1.0.b2.jar:/Users/nobby/.m2/repository/javassist/javassist/3.4.GA/javassist-3.4.GA.jar:/Users/nobby/.m2/repository/geronimo-spec/geronimo-spec-jta/1.0.1B-rc4/geronimo-spec-jta-1.0.1B-rc4.jar:/Users/nobby/.m2/repository/org/slf4j/slf4j-simple/1.4.2/slf4j-simple-1.4.2.jar:/Users/nobby/.m2/repository/postgresql/postgresql/9.1-901.jdbc4/postgresql-9.1-901.jdbc4.jar:/Users/nobby/.m2/repository/org/scala-libs/scalajpa_2.9.1/1.4/scalajpa_2.9.1-1.4.jar:/Users/nobby/.m2/repository/net/liftweb/lift-jpa_2.9.1/2.4/lift-jpa_2.9.1-2.4.jar:/Users/nobby/.m2/repository/net/liftweb/lift-webkit_2.9.1/2.4/lift-webkit_2.9.1-2.4.jar:/Users/nobby/.m2/repository/commons-fileupload/commons-fileupload/1.2.2/commons-fileupload-1.2.2.jar:/Users/nobby/.m2/repository/net/liftweb/lift-util_2.9.1/2.4/lift-util_2.9.1-2.4.jar:/Users/nobby/.m2/repository/commons-codec/commons-codec/1.4/commons-codec-1.4.jar:/Users/nobby/.m2/repository/nu/validator/htmlparser/htmlparser/1.2.1/htmlparser-1.2.1.jar:/Users/nobby/.m2/repository/javax/mail/mail/1.4.4/mail-1.4.4.jar:/Users/nobby/.m2/repository/javax/activation/activation/1.1/activation-1.1.jar:/Users/nobby/.m2/repository/joda-time/joda-time/1.6.2/joda-time-1.6.2.jar:/Users/nobby/.m2/repository/net/liftweb/lift-actor_2.9.1/2.4/lift-actor_2.9.1-2.4.jar:/Users/nobby/.m2/repository/net/liftweb/lift-common_2.9.1/2.4/lift-common_2.9.1-2.4.jar:/Users/nobby/.m2/repository/net/liftweb/lift-json_2.9.1/2.4/lift-json_2.9.1-2.4.jar:/Users/nobby/.m2/repository/com/thoughtworks/paranamer/paranamer/2.3/paranamer-2.3.jar:/Users/nobby/.m2/repository/org/scala-lang/scalap/2.9.1/scalap-2.9.1.jar:/Users/nobby/.m2/repository/net/liftweb/lift-openid_2.9.1/2.4/lift-openid_2.9.1-2.4.jar:/Users/nobby/.m2/repository/net/liftweb/lift-mapper_2.9.1/2.4/lift-mapper_2.9.1-2.4.jar:/Users/nobby/.m2/repository/com/h2database/h2/1.2.147/h2-1.2.147.jar:/Users/nobby/.m2/repository/net/liftweb/lift-db_2.9.1/2.4/lift-db_2.9.1-2.4.jar:/Users/nobby/.m2/repository/org/openid4java/openid4java-consumer/0.9.5/openid4java-consumer-0.9.5.jar:/Users/nobby/.m2/repository/org/openid4java/openid4java-nodeps/0.9.5/openid4java-nodeps-0.9.5.jar:/Users/nobby/.m2/repository/commons-logging/commons-logging/1.1.1/commons-logging-1.1.1.jar:/Users/nobby/.m2/repository/commons-httpclient/commons-httpclient/3.0.1/commons-httpclient-3.0.1.jar:/Users/nobby/.m2/repository/net/sourceforge/nekohtml/nekohtml/1.9.7/nekohtml-1.9.7.jar:/Users/nobby/.m2/repository/xerces/xercesImpl/2.8.1/xercesImpl-2.8.1.jar:/Users/nobby/.m2/repository/net/liftweb/lift-proto_2.9.1/2.4/lift-proto_2.9.1-2.4.jar:/Users/nobby/.m2/repository/org/scala-lang/scala-library/2.9.1/scala-library-2.9.1.jar:/Users/nobby/.m2/repository/org/scala-lang/scala-compiler/2.9.1/scala-compiler-2.9.1.jar:/Users/nobby/.m2/repository/org/apache/derby/derby/10.4.2.0/derby-10.4.2.0.jar:/Users/nobby/.m2/repository/junit/junit/4.10/junit-4.10.jar:/Users/nobby/.m2/repository/org/hamcrest/hamcrest-core/1.1/hamcrest-core-1.1.jar:"/>
    <property name="java.vm.specification.version" value="1.7"/>
    <property name="sun.arch.data.model" value="64"/>
    <property name="java.home" value="/Library/Java/JavaVirtualMachines/1.7.0.jdk/Contents/Home/jre"/>
    <property name="sun.java.command" value="/Volumes/Data/src/iconhub/iconhub/persistence/target/surefire/surefirebooter5807310622230527023.jar /Volumes/Data/src/iconhub/iconhub/persistence/target/surefire/surefire6918314823588951818tmp /Volumes/Data/src/iconhub/iconhub/persistence/target/surefire/surefire7163295771627556635tmp"/>
    <property name="java.specification.vendor" value="Oracle Corporation"/>
    <property name="user.language" value="de"/>
    <property name="awt.toolkit" value="sun.lwawt.macosx.LWCToolkit"/>
    <property name="java.vm.info" value="mixed mode"/>
    <property name="java.version" value="1.7.0_05"/>
    <property name="java.ext.dirs" value="/Users/nobby/Library/Java/Extensions:/Library/Java/JavaVirtualMachines/1.7.0.jdk/Contents/Home/jre/lib/ext:/Library/Java/Extensions:/Network/Library/Java/Extensions:/System/Library/Java/Extensions:/usr/lib/java"/>
    <property name="sun.boot.class.path" value="/Library/Java/JavaVirtualMachines/1.7.0.jdk/Contents/Home/jre/lib/resources.jar:/Library/Java/JavaVirtualMachines/1.7.0.jdk/Contents/Home/jre/lib/rt.jar:/Library/Java/JavaVirtualMachines/1.7.0.jdk/Contents/Home/jre/lib/sunrsasign.jar:/Library/Java/JavaVirtualMachines/1.7.0.jdk/Contents/Home/jre/lib/jsse.jar:/Library/Java/JavaVirtualMachines/1.7.0.jdk/Contents/Home/jre/lib/jce.jar:/Library/Java/JavaVirtualMachines/1.7.0.jdk/Contents/Home/jre/lib/charsets.jar:/Library/Java/JavaVirtualMachines/1.7.0.jdk/Contents/Home/jre/lib/jfr.jar:/Library/Java/JavaVirtualMachines/1.7.0.jdk/Contents/Home/jre/lib/JObjC.jar:/Library/Java/JavaVirtualMachines/1.7.0.jdk/Contents/Home/jre/classes"/>
    <property name="java.vendor" value="Oracle Corporation"/>
    <property name="localRepository" value="/Users/nobby/.m2/repository"/>
    <property name="file.separator" value="/"/>
    <property name="java.vendor.url.bug" value="http://bugreport.sun.com/bugreport/"/>
    <property name="sun.cpu.endian" value="little"/>
    <property name="sun.io.unicode.encoding" value="UnicodeBig"/>
    <property name="socksNonProxyHosts" value="local|*.local|169.254/16|*.169.254/16"/>
    <property name="ftp.nonProxyHosts" value="local|*.local|169.254/16|*.169.254/16"/>
    <property name="sun.cpu.isalist" value=""/>
  </properties>
  <testcase time="5.083" classname="net.iconhub.model.JpaTest" name="save_stuff"/>
</testsuite>